{
  "RSpec": {
    "coverage": {
      "/Users/loki/Projetos/library/spec/factories/book.rb": {
        "lines": [
          1,
          1,
          37,
          37,
          37,
          36,
          null,
          null
        ]
      },
      "/Users/loki/Projetos/library/spec/factories/book_genre.rb": {
        "lines": [
          1,
          1,
          72,
          null,
          null
        ]
      },
      "/Users/loki/Projetos/library/spec/factories/rental.rb": {
        "lines": [
          1,
          1,
          24,
          21,
          24,
          24,
          19,
          null,
          1,
          1,
          null,
          1,
          1,
          null,
          null,
          null
        ]
      },
      "/Users/loki/Projetos/library/spec/factories/user.rb": {
        "lines": [
          1,
          1,
          35,
          35,
          35,
          null,
          null
        ]
      },
      "/Users/loki/Projetos/library/app/controllers/books_controller.rb": {
        "lines": [
          1,
          1,
          null,
          1,
          1,
          null,
          1,
          1,
          null,
          1,
          null,
          null,
          null,
          null,
          null,
          1,
          null,
          null,
          1,
          1,
          null,
          null,
          1,
          null,
          null,
          1,
          2,
          null,
          2,
          2,
          2,
          1,
          null,
          2,
          1,
          null,
          null,
          null,
          null,
          1,
          2,
          2,
          2,
          1,
          null,
          2,
          1,
          null,
          null,
          null,
          null,
          1,
          2,
          2,
          2,
          1,
          null,
          2,
          1,
          null,
          null,
          null,
          null,
          1,
          1,
          6,
          null,
          null,
          1,
          4,
          null,
          null
        ]
      },
      "/Users/loki/Projetos/library/app/controllers/application_controller.rb": {
        "lines": [
          1,
          null
        ]
      },
      "/Users/loki/Projetos/library/spec/controllers/home_controller_spec.rb": {
        "lines": [
          1,
          null,
          1,
          1,
          1,
          1,
          1,
          null,
          null,
          null
        ]
      },
      "/Users/loki/Projetos/library/app/controllers/home_controller.rb": {
        "lines": [
          1,
          1,
          1,
          null,
          null,
          null,
          null
        ]
      },
      "/Users/loki/Projetos/library/spec/controllers/rental_controller_spec.rb": {
        "lines": [
          1,
          null,
          1,
          2,
          null,
          1,
          1,
          1,
          1,
          null,
          null,
          null,
          1,
          1,
          1,
          1,
          null,
          null,
          null,
          1,
          1,
          1,
          1,
          null,
          null,
          null,
          1,
          6,
          null,
          1,
          1,
          1,
          null,
          1,
          null,
          null,
          null,
          1,
          3,
          null,
          1,
          1,
          null,
          null,
          1,
          1,
          null,
          null,
          null,
          1,
          1,
          2,
          2,
          null,
          null,
          1,
          1,
          null,
          null,
          1,
          1,
          null,
          null,
          null,
          null,
          1,
          1,
          3,
          2,
          3,
          2,
          null,
          2,
          1,
          2,
          2,
          null,
          null,
          null,
          1,
          2,
          2,
          null,
          null,
          null,
          null,
          null
        ]
      },
      "/Users/loki/Projetos/library/app/controllers/rentals_controller.rb": {
        "lines": [
          1,
          1,
          null,
          1,
          1,
          null,
          null,
          1,
          null,
          null,
          1,
          1,
          null,
          null,
          1,
          2,
          2,
          2,
          2,
          4,
          null,
          null,
          null,
          null,
          1,
          null,
          null,
          1,
          5,
          5,
          5,
          null,
          5,
          5,
          2,
          1,
          null,
          8,
          4,
          null,
          null,
          null,
          null,
          1,
          1,
          3,
          null,
          null,
          1,
          5,
          null,
          null
        ]
      },
      "/Users/loki/Projetos/library/spec/controllers/users_controller_spec.rb": {
        "lines": [
          1,
          null,
          1,
          3,
          null,
          1,
          1,
          1,
          1,
          null,
          null,
          null,
          1,
          1,
          1,
          1,
          null,
          null,
          null,
          1,
          1,
          1,
          1,
          null,
          null,
          null,
          1,
          1,
          1,
          1,
          null,
          null,
          null,
          1,
          3,
          null,
          1,
          1,
          1,
          null,
          1,
          null,
          null,
          null,
          1,
          1,
          1,
          null,
          1,
          null,
          null,
          null,
          null,
          1,
          3,
          null,
          1,
          1,
          1,
          1,
          null,
          null,
          1,
          1,
          null,
          1,
          null,
          null,
          null,
          1,
          1,
          1,
          1,
          null,
          null,
          1,
          1,
          null,
          1,
          null,
          null,
          null,
          null,
          1,
          2,
          null,
          1,
          1,
          null,
          1,
          null,
          null,
          null
        ]
      },
      "/Users/loki/Projetos/library/app/controllers/users_controller.rb": {
        "lines": [
          1,
          1,
          null,
          1,
          1,
          null,
          null,
          1,
          null,
          null,
          1,
          1,
          null,
          null,
          1,
          null,
          null,
          1,
          2,
          null,
          2,
          2,
          2,
          1,
          null,
          2,
          1,
          null,
          null,
          null,
          null,
          1,
          2,
          2,
          2,
          1,
          null,
          2,
          1,
          null,
          null,
          null,
          null,
          1,
          1,
          1,
          2,
          1,
          null,
          null,
          null,
          1,
          1,
          5,
          null,
          null,
          1,
          4,
          null,
          null
        ]
      },
      "/Users/loki/Projetos/library/spec/helpers/application_helper_spec.rb": {
        "lines": [
          1,
          null,
          1,
          1,
          2,
          null,
          3,
          null,
          1,
          2,
          null,
          2,
          null,
          null,
          1,
          2,
          null,
          2,
          null,
          null,
          null
        ]
      },
      "/Users/loki/Projetos/library/spec/helpers/home_helper_spec.rb": {
        "lines": [
          1,
          null,
          1,
          1,
          4,
          3,
          null,
          1,
          2,
          null,
          2,
          null,
          null,
          1,
          2,
          null,
          2,
          null,
          null,
          1,
          2,
          null,
          2,
          null,
          null,
          null,
          1,
          3,
          null,
          1,
          2,
          null,
          2,
          null,
          null,
          1,
          2,
          null,
          2,
          null,
          null,
          null
        ]
      },
      "/Users/loki/Projetos/library/spec/models/book_spec.rb": {
        "lines": [
          1,
          null,
          1,
          1,
          5,
          null,
          1,
          1,
          null,
          null,
          1,
          3,
          3,
          null,
          3,
          null,
          null,
          null,
          null,
          1,
          1,
          2,
          2,
          null,
          1,
          1,
          1,
          null,
          null,
          null,
          null,
          1,
          1,
          3,
          null,
          1,
          2,
          null,
          1,
          1,
          null,
          null,
          null,
          1,
          2,
          null,
          1,
          1,
          null,
          null,
          null,
          null,
          null
        ]
      },
      "/Users/loki/Projetos/library/app/models/book.rb": {
        "lines": [
          1,
          1,
          1,
          null,
          3,
          null,
          1,
          null,
          1,
          1,
          null,
          1,
          1,
          null,
          1,
          null,
          null,
          1,
          9,
          null,
          null
        ]
      },
      "/Users/loki/Projetos/library/app/models/application_record.rb": {
        "lines": [
          1,
          1,
          null
        ]
      },
      "/Users/loki/Projetos/library/spec/models/rental_spec.rb": {
        "lines": [
          1,
          null,
          1,
          1,
          8,
          null,
          1,
          1,
          null,
          null,
          1,
          1,
          null,
          1,
          null,
          null,
          1,
          1,
          null,
          1,
          null,
          null,
          1,
          4,
          4,
          null,
          4,
          null,
          null,
          null,
          null,
          1,
          1,
          2,
          2,
          null,
          1,
          1,
          1,
          null,
          null,
          null,
          null,
          1,
          1,
          2,
          2,
          null,
          1,
          1,
          null,
          1,
          null,
          null,
          null,
          1,
          1,
          2,
          2,
          null,
          1,
          1,
          null,
          1,
          null,
          null,
          null,
          1,
          1,
          2,
          null,
          1,
          1,
          null,
          null,
          null,
          null
        ]
      },
      "/Users/loki/Projetos/library/app/models/rental.rb": {
        "lines": [
          1,
          4,
          null,
          1,
          1,
          24,
          null,
          1,
          1,
          null,
          1,
          1,
          null,
          1,
          23,
          null,
          23,
          null,
          22,
          null,
          null,
          1,
          13,
          null,
          null,
          1,
          1,
          null,
          null,
          1,
          1,
          null,
          null,
          1,
          null,
          1,
          2,
          null,
          null,
          1,
          20,
          3,
          null,
          null,
          null
        ]
      },
      "/Users/loki/Projetos/library/spec/models/user_spec.rb": {
        "lines": [
          1,
          null,
          1,
          1,
          5,
          1,
          1,
          null,
          null,
          1,
          3,
          3,
          null,
          3,
          null,
          null,
          null,
          null
        ]
      },
      "/Users/loki/Projetos/library/app/models/user.rb": {
        "lines": [
          1,
          1,
          1,
          1,
          null,
          1,
          null
        ]
      },
      "/Users/loki/Projetos/library/app/models/book_genre.rb": {
        "lines": [
          1,
          null
        ]
      }
    },
    "timestamp": 1628098655
  }
}
